<?xml version="1.0" encoding="UTF-8"?>
<testsuite name="PlayerTest" tests="1" skipped="0" failures="0" errors="0" timestamp="2020-05-21T14:10:10" hostname="MRSHUDSON" time="0.007">
  <properties/>
  <testcase name="user input is stored" classname="PlayerTest" time="0.007"/>
  <system-out><![CDATA[]]></system-out>
  <system-err><![CDATA[]]></system-err>
</testsuite>
